Internal ctest changing into directory: D:/projects/2024-misis-fall/misis2024f-24-01-sainov-r-d/build.check
Test project D:/projects/2024-misis-fall/misis2024f-24-01-sainov-r-d/build.check
    Start 1: doctest_arrayd
    Start 2: doctest_arrayt
    Start 3: doctest_complex
    Start 4: doctest_complex_io
    Start 5: doctest_rational
    Start 6: doctest_rational_io
    Start 7: doctest_queuea
    Start 8: doctest_stackl
Could not find executable D:/projects/2024-misis-fall/misis2024f-24-01-sainov-r-d/bin.check/doctest_stackl.exe
Looked in the following places:
D:/projects/2024-misis-fall/misis2024f-24-01-sainov-r-d/bin.check/doctest_stackl.exe
D:/projects/2024-misis-fall/misis2024f-24-01-sainov-r-d/bin.check/doctest_stackl.exe.exe
D:/projects/2024-misis-fall/misis2024f-24-01-sainov-r-d/bin.check/Release/doctest_stackl.exe
D:/projects/2024-misis-fall/misis2024f-24-01-sainov-r-d/bin.check/Release/doctest_stackl.exe.exe
Release/D:/projects/2024-misis-fall/misis2024f-24-01-sainov-r-d/bin.check/doctest_stackl.exe
Release/D:/projects/2024-misis-fall/misis2024f-24-01-sainov-r-d/bin.check/doctest_stackl.exe.exe
1/8 Test #8: doctest_stackl ...................***Not Run   0.00 sec
2/8 Test #1: doctest_arrayd ...................Exit code 0xc0000374
***Exception:   0.13 sec
3/8 Test #2: doctest_arrayt ...................   Passed    0.11 sec
4/8 Test #3: doctest_complex ..................***Failed    0.10 sec
5/8 Test #4: doctest_complex_io ...............***Failed    0.07 sec
6/8 Test #5: doctest_rational .................   Passed    0.05 sec
7/8 Test #6: doctest_rational_io ..............***Failed    0.04 sec
8/8 Test #7: doctest_queuea ...................   Passed    0.02 sec

38% tests passed, 5 tests failed out of 8

Total Test time (real) =   0.14 sec

The following tests FAILED:
	  1 - doctest_arrayd (Exit code 0xc0000374
)
	  3 - doctest_complex (Failed)
	  4 - doctest_complex_io (Failed)
	  6 - doctest_rational_io (Failed)
	  8 - doctest_stackl (Not Run)
